app/build/intermediates/manifest_merge_blame_file/debug/manifest-merger-blame-debug-report.txt
1<?xml version="1.0" encoding="utf-8"?>
2<manifest xmlns:android="http://schemas.android.com/apk/res/android"
3    package="com.google.mlkit.vision.demo"
4    android:installLocation="auto"
5    android:versionCode="11"
6    android:versionName="1.11" >
7    <!--
8 CameraX libraries require minSdkVersion 21, while this quickstart app
9    supports low to 19. Needs to use overrideLibrary to make the merger tool
10    ignore this conflict and import the libraries while keeping the app's lower
11    minSdkVersion value. In code, will check SDK version, before calling CameraX
12    APIs.
13    -->
14    <uses-sdk
14-->src\main\AndroidManifest.xml:12:5-15:63
15        android:minSdkVersion="19"
15-->src\main\AndroidManifest.xml:12:5-15:63
16        android:targetSdkVersion="31" />
16-->src\main\AndroidManifest.xml:12:5-15:63
17
18    <uses-feature android:name="android.hardware.camera" />
18-->src\main\AndroidManifest.xml:17:5-59
18-->src\main\AndroidManifest.xml:17:19-57
19
20    <uses-permission android:name="android.permission.INTERNET" />
20-->src\main\AndroidManifest.xml:19:5-66
20-->src\main\AndroidManifest.xml:19:22-64
21    <uses-permission android:name="android.permission.WRITE_EXTERNAL_STORAGE" />
21-->src\main\AndroidManifest.xml:20:5-80
21-->src\main\AndroidManifest.xml:20:22-78
22    <uses-permission android:name="android.permission.READ_EXTERNAL_STORAGE" />
22-->src\main\AndroidManifest.xml:21:5-79
22-->src\main\AndroidManifest.xml:21:22-77
23    <uses-permission android:name="android.permission.CAMERA" />
23-->src\main\AndroidManifest.xml:22:5-64
23-->src\main\AndroidManifest.xml:22:22-62
24
25    <queries>
25-->src\main\AndroidManifest.xml:101:5-105:15
26        <intent>
26-->src\main\AndroidManifest.xml:102:9-104:18
27            <action android:name="android.media.action.IMAGE_CAPTURE" />
27-->src\main\AndroidManifest.xml:103:13-73
27-->src\main\AndroidManifest.xml:103:21-70
28        </intent>
29    </queries>
30
31    <!-- For remote config -->
32    <uses-permission android:name="android.permission.ACCESS_NETWORK_STATE" />
32-->[com.google.mlkit:pose-detection-common:18.0.0-beta2] AndroidManifest.xml:7:5-79
32-->[com.google.mlkit:pose-detection-common:18.0.0-beta2] AndroidManifest.xml:7:22-76
33    <uses-permission android:name="android.permission.WAKE_LOCK" />
33-->[androidx.work:work-runtime:2.7.0] AndroidManifest.xml:25:5-68
33-->[androidx.work:work-runtime:2.7.0] AndroidManifest.xml:25:22-65
34    <uses-permission android:name="android.permission.RECEIVE_BOOT_COMPLETED" />
34-->[androidx.work:work-runtime:2.7.0] AndroidManifest.xml:27:5-81
34-->[androidx.work:work-runtime:2.7.0] AndroidManifest.xml:27:22-78
35    <uses-permission android:name="android.permission.FOREGROUND_SERVICE" />
35-->[androidx.work:work-runtime:2.7.0] AndroidManifest.xml:28:5-77
35-->[androidx.work:work-runtime:2.7.0] AndroidManifest.xml:28:22-74
36
37    <application
37-->src\main\AndroidManifest.xml:24:5-100:19
38        android:name="androidx.multidex.MultiDexApplication"
38-->src\main\AndroidManifest.xml:25:9-61
39        android:appComponentFactory="androidx.core.app.CoreComponentFactory"
39-->[androidx.core:core:1.6.0] AndroidManifest.xml:24:18-86
40        android:debuggable="true"
41        android:icon="@drawable/logo_mlkit"
41-->src\main\AndroidManifest.xml:26:9-44
42        android:label="@string/app_name"
42-->src\main\AndroidManifest.xml:27:9-41
43        android:testOnly="true"
44        android:theme="@style/Theme.AppCompat" >
44-->src\main\AndroidManifest.xml:28:9-47
45        <meta-data
45-->src\main\AndroidManifest.xml:30:9-32:68
46            android:name="com.google.android.gms.version"
46-->src\main\AndroidManifest.xml:31:13-58
47            android:value="@integer/google_play_services_version" />
47-->src\main\AndroidManifest.xml:32:13-66
48
49        <!--
50          Optional: Add it to automatically download ML model to device after
51          your app is installed.
52        -->
53        <meta-data
53-->src\main\AndroidManifest.xml:36:9-38:62
54            android:name="com.google.mlkit.vision.DEPENDENCIES"
54-->src\main\AndroidManifest.xml:37:13-64
55            android:value="barcode,face,ocr,ica,custom_ica" />
55-->src\main\AndroidManifest.xml:38:13-60
56
57        <activity
57-->src\main\AndroidManifest.xml:40:9-48:20
58            android:name="com.google.mlkit.vision.demo.EntryChoiceActivity"
58-->src\main\AndroidManifest.xml:41:13-48
59            android:exported="true"
59-->src\main\AndroidManifest.xml:42:13-36
60            android:theme="@style/AppTheme" >
60-->src\main\AndroidManifest.xml:43:13-44
61            <intent-filter>
61-->src\main\AndroidManifest.xml:44:13-47:29
62                <action android:name="android.intent.action.MAIN" />
62-->src\main\AndroidManifest.xml:45:17-68
62-->src\main\AndroidManifest.xml:45:25-66
63
64                <category android:name="android.intent.category.LAUNCHER" />
64-->src\main\AndroidManifest.xml:46:17-76
64-->src\main\AndroidManifest.xml:46:27-74
65            </intent-filter>
66        </activity>
67        <activity
67-->src\main\AndroidManifest.xml:50:9-53:20
68            android:name="com.google.mlkit.vision.demo.java.ChooserActivity"
68-->src\main\AndroidManifest.xml:51:13-49
69            android:exported="false" >
69-->src\main\AndroidManifest.xml:52:13-37
70        </activity>
71        <activity
71-->src\main\AndroidManifest.xml:55:9-59:20
72            android:name="com.google.mlkit.vision.demo.java.LivePreviewActivity"
72-->src\main\AndroidManifest.xml:56:13-53
73            android:exported="false"
73-->src\main\AndroidManifest.xml:57:13-37
74            android:theme="@style/AppTheme" >
74-->src\main\AndroidManifest.xml:58:13-44
75        </activity>
76        <activity
76-->src\main\AndroidManifest.xml:61:9-65:20
77            android:name="com.google.mlkit.vision.demo.java.StillImageActivity"
77-->src\main\AndroidManifest.xml:62:13-52
78            android:exported="false"
78-->src\main\AndroidManifest.xml:63:13-37
79            android:theme="@style/AppTheme" >
79-->src\main\AndroidManifest.xml:64:13-44
80        </activity>
81        <activity
81-->src\main\AndroidManifest.xml:67:9-70:20
82            android:name="com.google.mlkit.vision.demo.kotlin.ChooserActivity"
82-->src\main\AndroidManifest.xml:68:13-51
83            android:exported="false" >
83-->src\main\AndroidManifest.xml:69:13-37
84        </activity>
85        <activity
85-->src\main\AndroidManifest.xml:72:9-76:20
86            android:name="com.google.mlkit.vision.demo.kotlin.LivePreviewActivity"
86-->src\main\AndroidManifest.xml:73:13-55
87            android:exported="false"
87-->src\main\AndroidManifest.xml:74:13-37
88            android:theme="@style/AppTheme" >
88-->src\main\AndroidManifest.xml:75:13-44
89        </activity>
90        <activity
90-->src\main\AndroidManifest.xml:78:9-82:20
91            android:name="com.google.mlkit.vision.demo.kotlin.CameraXLivePreviewActivity"
91-->src\main\AndroidManifest.xml:79:13-62
92            android:exported="false"
92-->src\main\AndroidManifest.xml:80:13-37
93            android:theme="@style/AppTheme" >
93-->src\main\AndroidManifest.xml:81:13-44
94        </activity>
95        <activity
95-->src\main\AndroidManifest.xml:84:9-88:20
96            android:name="com.google.mlkit.vision.demo.kotlin.CameraXSourceDemoActivity"
96-->src\main\AndroidManifest.xml:85:13-61
97            android:exported="false"
97-->src\main\AndroidManifest.xml:86:13-37
98            android:theme="@style/AppTheme" >
98-->src\main\AndroidManifest.xml:87:13-44
99        </activity>
100        <activity
100-->src\main\AndroidManifest.xml:90:9-94:20
101            android:name="com.google.mlkit.vision.demo.kotlin.StillImageActivity"
101-->src\main\AndroidManifest.xml:91:13-54
102            android:exported="false"
102-->src\main\AndroidManifest.xml:92:13-37
103            android:theme="@style/AppTheme" >
103-->src\main\AndroidManifest.xml:93:13-44
104        </activity>
105        <activity
105-->src\main\AndroidManifest.xml:96:9-98:39
106            android:name="com.google.mlkit.vision.demo.preference.SettingsActivity"
106-->src\main\AndroidManifest.xml:97:13-56
107            android:exported="false" />
107-->src\main\AndroidManifest.xml:98:13-37
108
109        <!--
110             Required for ML Kit Pose Detection GPU acceleration. Applications that target Android
111             S+ require explicit declaration of any referenced vendor-provided libraries.
112        -->
113        <uses-native-library
113-->[com.google.mlkit:pose-detection-common:18.0.0-beta2] AndroidManifest.xml:16:9-18:40
114            android:name="libOpenCL.so"
114-->[com.google.mlkit:pose-detection-common:18.0.0-beta2] AndroidManifest.xml:17:13-40
115            android:required="false" />
115-->[com.google.mlkit:pose-detection-common:18.0.0-beta2] AndroidManifest.xml:18:13-37
116        <uses-native-library
116-->[com.google.mlkit:pose-detection-common:18.0.0-beta2] AndroidManifest.xml:16:9-18:40
117            android:name="libOpenCL-car.so"
117-->[com.google.mlkit:pose-detection-common:18.0.0-beta2] AndroidManifest.xml:17:13-40
118            android:required="false" />
118-->[com.google.mlkit:pose-detection-common:18.0.0-beta2] AndroidManifest.xml:18:13-37
119        <uses-native-library
119-->[com.google.mlkit:pose-detection-common:18.0.0-beta2] AndroidManifest.xml:16:9-18:40
120            android:name="libOpenCL-pixel.so"
120-->[com.google.mlkit:pose-detection-common:18.0.0-beta2] AndroidManifest.xml:17:13-40
121            android:required="false" />
121-->[com.google.mlkit:pose-detection-common:18.0.0-beta2] AndroidManifest.xml:18:13-37
122
123        <service
123-->[com.google.mlkit:pose-detection-common:18.0.0-beta2] AndroidManifest.xml:26:9-32:19
124            android:name="com.google.mlkit.common.internal.MlKitComponentDiscoveryService"
124-->[com.google.mlkit:pose-detection-common:18.0.0-beta2] AndroidManifest.xml:27:13-91
125            android:directBootAware="true"
125-->[com.google.mlkit:common:18.2.0] AndroidManifest.xml:17:13-43
126            android:exported="false" >
126-->[com.google.mlkit:pose-detection-common:18.0.0-beta2] AndroidManifest.xml:28:13-37
127            <meta-data
127-->[com.google.mlkit:pose-detection-common:18.0.0-beta2] AndroidManifest.xml:29:13-31:85
128                android:name="com.google.firebase.components:com.google.mlkit.vision.pose.internal.PoseRegistrar"
128-->[com.google.mlkit:pose-detection-common:18.0.0-beta2] AndroidManifest.xml:30:17-114
129                android:value="com.google.firebase.components.ComponentRegistrar" />
129-->[com.google.mlkit:pose-detection-common:18.0.0-beta2] AndroidManifest.xml:31:17-82
130            <meta-data
130-->[com.google.mlkit:object-detection:17.0.0] AndroidManifest.xml:14:13-16:85
131                android:name="com.google.firebase.components:com.google.mlkit.vision.objects.defaults.internal.DefaultObjectsRegistrar"
131-->[com.google.mlkit:object-detection:17.0.0] AndroidManifest.xml:15:17-136
132                android:value="com.google.firebase.components.ComponentRegistrar" />
132-->[com.google.mlkit:object-detection:17.0.0] AndroidManifest.xml:16:17-82
133            <meta-data
133-->[com.google.mlkit:object-detection-custom:17.0.0] AndroidManifest.xml:11:13-13:85
134                android:name="com.google.firebase.components:com.google.mlkit.vision.objects.custom.internal.CustomObjectsRegistrar"
134-->[com.google.mlkit:object-detection-custom:17.0.0] AndroidManifest.xml:12:17-133
135                android:value="com.google.firebase.components.ComponentRegistrar" />
135-->[com.google.mlkit:object-detection-custom:17.0.0] AndroidManifest.xml:13:17-82
136            <meta-data
136-->[com.google.mlkit:image-labeling:17.0.7] AndroidManifest.xml:11:13-13:85
137                android:name="com.google.firebase.components:com.google.mlkit.vision.label.defaults.internal.BundledLabelRegistrar"
137-->[com.google.mlkit:image-labeling:17.0.7] AndroidManifest.xml:12:17-132
138                android:value="com.google.firebase.components.ComponentRegistrar" />
138-->[com.google.mlkit:image-labeling:17.0.7] AndroidManifest.xml:13:17-82
139            <meta-data
139-->[com.google.mlkit:image-labeling-custom:17.0.1] AndroidManifest.xml:11:13-13:85
140                android:name="com.google.firebase.components:com.google.mlkit.vision.label.custom.internal.CustomLabelRegistrar"
140-->[com.google.mlkit:image-labeling-custom:17.0.1] AndroidManifest.xml:12:17-129
141                android:value="com.google.firebase.components.ComponentRegistrar" />
141-->[com.google.mlkit:image-labeling-custom:17.0.1] AndroidManifest.xml:13:17-82
142            <meta-data
142-->[com.google.mlkit:segmentation-selfie:16.0.0-beta4] AndroidManifest.xml:12:13-14:85
143                android:name="com.google.firebase.components:com.google.mlkit.vision.segmentation.internal.SegmentationRegistrar"
143-->[com.google.mlkit:segmentation-selfie:16.0.0-beta4] AndroidManifest.xml:13:17-130
144                android:value="com.google.firebase.components.ComponentRegistrar" />
144-->[com.google.mlkit:segmentation-selfie:16.0.0-beta4] AndroidManifest.xml:14:17-82
145            <meta-data
145-->[com.google.android.gms:play-services-mlkit-barcode-scanning:18.0.0] AndroidManifest.xml:12:13-14:85
146                android:name="com.google.firebase.components:com.google.mlkit.vision.barcode.internal.BarcodeRegistrar"
146-->[com.google.android.gms:play-services-mlkit-barcode-scanning:18.0.0] AndroidManifest.xml:13:17-120
147                android:value="com.google.firebase.components.ComponentRegistrar" />
147-->[com.google.android.gms:play-services-mlkit-barcode-scanning:18.0.0] AndroidManifest.xml:14:17-82
148            <meta-data
148-->[com.google.mlkit:vision-internal-vkp:18.2.2] AndroidManifest.xml:14:13-16:85
149                android:name="com.google.firebase.components:com.google.mlkit.vision.vkp.VkpRegistrar"
149-->[com.google.mlkit:vision-internal-vkp:18.2.2] AndroidManifest.xml:15:17-103
150                android:value="com.google.firebase.components.ComponentRegistrar" />
150-->[com.google.mlkit:vision-internal-vkp:18.2.2] AndroidManifest.xml:16:17-82
151            <meta-data
151-->[com.google.android.gms:play-services-mlkit-face-detection:17.0.1] AndroidManifest.xml:12:13-14:85
152                android:name="com.google.firebase.components:com.google.mlkit.vision.face.internal.FaceRegistrar"
152-->[com.google.android.gms:play-services-mlkit-face-detection:17.0.1] AndroidManifest.xml:13:17-114
153                android:value="com.google.firebase.components.ComponentRegistrar" />
153-->[com.google.android.gms:play-services-mlkit-face-detection:17.0.1] AndroidManifest.xml:14:17-82
154            <meta-data
154-->[com.google.android.gms:play-services-mlkit-text-recognition-common:17.0.0] AndroidManifest.xml:12:13-14:85
155                android:name="com.google.firebase.components:com.google.mlkit.vision.text.internal.TextRegistrar"
155-->[com.google.android.gms:play-services-mlkit-text-recognition-common:17.0.0] AndroidManifest.xml:13:17-114
156                android:value="com.google.firebase.components.ComponentRegistrar" />
156-->[com.google.android.gms:play-services-mlkit-text-recognition-common:17.0.0] AndroidManifest.xml:14:17-82
157            <meta-data
157-->[com.google.mlkit:vision-common:17.1.0] AndroidManifest.xml:12:13-14:85
158                android:name="com.google.firebase.components:com.google.mlkit.vision.common.internal.VisionCommonRegistrar"
158-->[com.google.mlkit:vision-common:17.1.0] AndroidManifest.xml:13:17-124
159                android:value="com.google.firebase.components.ComponentRegistrar" />
159-->[com.google.mlkit:vision-common:17.1.0] AndroidManifest.xml:14:17-82
160            <meta-data
160-->[com.google.mlkit:common:18.2.0] AndroidManifest.xml:20:13-22:85
161                android:name="com.google.firebase.components:com.google.mlkit.common.internal.CommonComponentRegistrar"
161-->[com.google.mlkit:common:18.2.0] AndroidManifest.xml:21:17-120
162                android:value="com.google.firebase.components.ComponentRegistrar" />
162-->[com.google.mlkit:common:18.2.0] AndroidManifest.xml:22:17-82
163        </service>
164        <service
164-->[com.google.mlkit:acceleration:16.0.0-beta1] AndroidManifest.xml:8:9-11:68
165            android:name="com.google.mlkit.acceleration.internal.MlKitRemoteWorkerService"
165-->[com.google.mlkit:acceleration:16.0.0-beta1] AndroidManifest.xml:9:13-91
166            android:exported="false"
166-->[com.google.mlkit:acceleration:16.0.0-beta1] AndroidManifest.xml:10:13-37
167            android:process=":mlkit_acceleration_mini_benchmark" />
167-->[com.google.mlkit:acceleration:16.0.0-beta1] AndroidManifest.xml:11:13-65
168        <service
168-->[androidx.work:work-multiprocess:2.7.0] AndroidManifest.xml:25:9-27:40
169            android:name="androidx.work.multiprocess.RemoteWorkManagerService"
169-->[androidx.work:work-multiprocess:2.7.0] AndroidManifest.xml:26:13-79
170            android:exported="false" />
170-->[androidx.work:work-multiprocess:2.7.0] AndroidManifest.xml:27:13-37
171
172        <provider
172-->[com.google.mlkit:common:18.2.0] AndroidManifest.xml:9:9-13:38
173            android:name="com.google.mlkit.common.internal.MlKitInitProvider"
173-->[com.google.mlkit:common:18.2.0] AndroidManifest.xml:10:13-78
174            android:authorities="com.google.mlkit.vision.demo.mlkitinitprovider"
174-->[com.google.mlkit:common:18.2.0] AndroidManifest.xml:11:13-69
175            android:exported="false"
175-->[com.google.mlkit:common:18.2.0] AndroidManifest.xml:12:13-37
176            android:initOrder="99" />
176-->[com.google.mlkit:common:18.2.0] AndroidManifest.xml:13:13-35
177
178        <activity
178-->[com.google.android.gms:play-services-base:18.0.1] AndroidManifest.xml:20:9-22:45
179            android:name="com.google.android.gms.common.api.GoogleApiActivity"
179-->[com.google.android.gms:play-services-base:18.0.1] AndroidManifest.xml:20:19-85
180            android:exported="false"
180-->[com.google.android.gms:play-services-base:18.0.1] AndroidManifest.xml:22:19-43
181            android:theme="@android:style/Theme.Translucent.NoTitleBar" />
181-->[com.google.android.gms:play-services-base:18.0.1] AndroidManifest.xml:21:19-78
182
183        <provider
183-->[androidx.work:work-runtime:2.7.0] AndroidManifest.xml:31:9-39:20
184            android:name="androidx.startup.InitializationProvider"
184-->[androidx.work:work-runtime:2.7.0] AndroidManifest.xml:32:13-67
185            android:authorities="com.google.mlkit.vision.demo.androidx-startup"
185-->[androidx.work:work-runtime:2.7.0] AndroidManifest.xml:33:13-68
186            android:exported="false" >
186-->[androidx.work:work-runtime:2.7.0] AndroidManifest.xml:34:13-37
187            <meta-data
187-->[androidx.work:work-runtime:2.7.0] AndroidManifest.xml:36:13-38:52
188                android:name="androidx.work.WorkManagerInitializer"
188-->[androidx.work:work-runtime:2.7.0] AndroidManifest.xml:37:17-68
189                android:value="androidx.startup" />
189-->[androidx.work:work-runtime:2.7.0] AndroidManifest.xml:38:17-49
190        </provider>
191
192        <service
192-->[androidx.work:work-runtime:2.7.0] AndroidManifest.xml:41:9-46:35
193            android:name="androidx.work.impl.background.systemalarm.SystemAlarmService"
193-->[androidx.work:work-runtime:2.7.0] AndroidManifest.xml:42:13-88
194            android:directBootAware="false"
194-->[androidx.work:work-runtime:2.7.0] AndroidManifest.xml:43:13-44
195            android:enabled="@bool/enable_system_alarm_service_default"
195-->[androidx.work:work-runtime:2.7.0] AndroidManifest.xml:44:13-72
196            android:exported="false" />
196-->[androidx.work:work-runtime:2.7.0] AndroidManifest.xml:45:13-37
197        <service
197-->[androidx.work:work-runtime:2.7.0] AndroidManifest.xml:47:9-53:35
198            android:name="androidx.work.impl.background.systemjob.SystemJobService"
198-->[androidx.work:work-runtime:2.7.0] AndroidManifest.xml:48:13-84
199            android:directBootAware="false"
199-->[androidx.work:work-runtime:2.7.0] AndroidManifest.xml:49:13-44
200            android:enabled="@bool/enable_system_job_service_default"
200-->[androidx.work:work-runtime:2.7.0] AndroidManifest.xml:50:13-70
201            android:exported="true"
201-->[androidx.work:work-runtime:2.7.0] AndroidManifest.xml:51:13-36
202            android:permission="android.permission.BIND_JOB_SERVICE" />
202-->[androidx.work:work-runtime:2.7.0] AndroidManifest.xml:52:13-69
203        <service
203-->[androidx.work:work-runtime:2.7.0] AndroidManifest.xml:54:9-59:35
204            android:name="androidx.work.impl.foreground.SystemForegroundService"
204-->[androidx.work:work-runtime:2.7.0] AndroidManifest.xml:55:13-81
205            android:directBootAware="false"
205-->[androidx.work:work-runtime:2.7.0] AndroidManifest.xml:56:13-44
206            android:enabled="@bool/enable_system_foreground_service_default"
206-->[androidx.work:work-runtime:2.7.0] AndroidManifest.xml:57:13-77
207            android:exported="false" />
207-->[androidx.work:work-runtime:2.7.0] AndroidManifest.xml:58:13-37
208
209        <receiver
209-->[androidx.work:work-runtime:2.7.0] AndroidManifest.xml:61:9-66:35
210            android:name="androidx.work.impl.utils.ForceStopRunnable$BroadcastReceiver"
210-->[androidx.work:work-runtime:2.7.0] AndroidManifest.xml:62:13-88
211            android:directBootAware="false"
211-->[androidx.work:work-runtime:2.7.0] AndroidManifest.xml:63:13-44
212            android:enabled="true"
212-->[androidx.work:work-runtime:2.7.0] AndroidManifest.xml:64:13-35
213            android:exported="false" />
213-->[androidx.work:work-runtime:2.7.0] AndroidManifest.xml:65:13-37
214        <receiver
214-->[androidx.work:work-runtime:2.7.0] AndroidManifest.xml:67:9-77:20
215            android:name="androidx.work.impl.background.systemalarm.ConstraintProxy$BatteryChargingProxy"
215-->[androidx.work:work-runtime:2.7.0] AndroidManifest.xml:68:13-106
216            android:directBootAware="false"
216-->[androidx.work:work-runtime:2.7.0] AndroidManifest.xml:69:13-44
217            android:enabled="false"
217-->[androidx.work:work-runtime:2.7.0] AndroidManifest.xml:70:13-36
218            android:exported="false" >
218-->[androidx.work:work-runtime:2.7.0] AndroidManifest.xml:71:13-37
219            <intent-filter>
219-->[androidx.work:work-runtime:2.7.0] AndroidManifest.xml:73:13-76:29
220                <action android:name="android.intent.action.ACTION_POWER_CONNECTED" />
220-->[androidx.work:work-runtime:2.7.0] AndroidManifest.xml:74:17-87
220-->[androidx.work:work-runtime:2.7.0] AndroidManifest.xml:74:25-84
221                <action android:name="android.intent.action.ACTION_POWER_DISCONNECTED" />
221-->[androidx.work:work-runtime:2.7.0] AndroidManifest.xml:75:17-90
221-->[androidx.work:work-runtime:2.7.0] AndroidManifest.xml:75:25-87
222            </intent-filter>
223        </receiver>
224        <receiver
224-->[androidx.work:work-runtime:2.7.0] AndroidManifest.xml:78:9-88:20
225            android:name="androidx.work.impl.background.systemalarm.ConstraintProxy$BatteryNotLowProxy"
225-->[androidx.work:work-runtime:2.7.0] AndroidManifest.xml:79:13-104
226            android:directBootAware="false"
226-->[androidx.work:work-runtime:2.7.0] AndroidManifest.xml:80:13-44
227            android:enabled="false"
227-->[androidx.work:work-runtime:2.7.0] AndroidManifest.xml:81:13-36
228            android:exported="false" >
228-->[androidx.work:work-runtime:2.7.0] AndroidManifest.xml:82:13-37
229            <intent-filter>
229-->[androidx.work:work-runtime:2.7.0] AndroidManifest.xml:84:13-87:29
230                <action android:name="android.intent.action.BATTERY_OKAY" />
230-->[androidx.work:work-runtime:2.7.0] AndroidManifest.xml:85:17-77
230-->[androidx.work:work-runtime:2.7.0] AndroidManifest.xml:85:25-74
231                <action android:name="android.intent.action.BATTERY_LOW" />
231-->[androidx.work:work-runtime:2.7.0] AndroidManifest.xml:86:17-76
231-->[androidx.work:work-runtime:2.7.0] AndroidManifest.xml:86:25-73
232            </intent-filter>
233        </receiver>
234        <receiver
234-->[androidx.work:work-runtime:2.7.0] AndroidManifest.xml:89:9-99:20
235            android:name="androidx.work.impl.background.systemalarm.ConstraintProxy$StorageNotLowProxy"
235-->[androidx.work:work-runtime:2.7.0] AndroidManifest.xml:90:13-104
236            android:directBootAware="false"
236-->[androidx.work:work-runtime:2.7.0] AndroidManifest.xml:91:13-44
237            android:enabled="false"
237-->[androidx.work:work-runtime:2.7.0] AndroidManifest.xml:92:13-36
238            android:exported="false" >
238-->[androidx.work:work-runtime:2.7.0] AndroidManifest.xml:93:13-37
239            <intent-filter>
239-->[androidx.work:work-runtime:2.7.0] AndroidManifest.xml:95:13-98:29
240                <action android:name="android.intent.action.DEVICE_STORAGE_LOW" />
240-->[androidx.work:work-runtime:2.7.0] AndroidManifest.xml:96:17-83
240-->[androidx.work:work-runtime:2.7.0] AndroidManifest.xml:96:25-80
241                <action android:name="android.intent.action.DEVICE_STORAGE_OK" />
241-->[androidx.work:work-runtime:2.7.0] AndroidManifest.xml:97:17-82
241-->[androidx.work:work-runtime:2.7.0] AndroidManifest.xml:97:25-79
242            </intent-filter>
243        </receiver>
244        <receiver
244-->[androidx.work:work-runtime:2.7.0] AndroidManifest.xml:100:9-109:20
245            android:name="androidx.work.impl.background.systemalarm.ConstraintProxy$NetworkStateProxy"
245-->[androidx.work:work-runtime:2.7.0] AndroidManifest.xml:101:13-103
246            android:directBootAware="false"
246-->[androidx.work:work-runtime:2.7.0] AndroidManifest.xml:102:13-44
247            android:enabled="false"
247-->[androidx.work:work-runtime:2.7.0] AndroidManifest.xml:103:13-36
248            android:exported="false" >
248-->[androidx.work:work-runtime:2.7.0] AndroidManifest.xml:104:13-37
249            <intent-filter>
249-->[androidx.work:work-runtime:2.7.0] AndroidManifest.xml:106:13-108:29
250                <action android:name="android.net.conn.CONNECTIVITY_CHANGE" />
250-->[androidx.work:work-runtime:2.7.0] AndroidManifest.xml:107:17-79
250-->[androidx.work:work-runtime:2.7.0] AndroidManifest.xml:107:25-76
251            </intent-filter>
252        </receiver>
253        <receiver
253-->[androidx.work:work-runtime:2.7.0] AndroidManifest.xml:110:9-121:20
254            android:name="androidx.work.impl.background.systemalarm.RescheduleReceiver"
254-->[androidx.work:work-runtime:2.7.0] AndroidManifest.xml:111:13-88
255            android:directBootAware="false"
255-->[androidx.work:work-runtime:2.7.0] AndroidManifest.xml:112:13-44
256            android:enabled="false"
256-->[androidx.work:work-runtime:2.7.0] AndroidManifest.xml:113:13-36
257            android:exported="false" >
257-->[androidx.work:work-runtime:2.7.0] AndroidManifest.xml:114:13-37
258            <intent-filter>
258-->[androidx.work:work-runtime:2.7.0] AndroidManifest.xml:116:13-120:29
259                <action android:name="android.intent.action.BOOT_COMPLETED" />
259-->[androidx.work:work-runtime:2.7.0] AndroidManifest.xml:117:17-79
259-->[androidx.work:work-runtime:2.7.0] AndroidManifest.xml:117:25-76
260                <action android:name="android.intent.action.TIME_SET" />
260-->[androidx.work:work-runtime:2.7.0] AndroidManifest.xml:118:17-73
260-->[androidx.work:work-runtime:2.7.0] AndroidManifest.xml:118:25-70
261                <action android:name="android.intent.action.TIMEZONE_CHANGED" />
261-->[androidx.work:work-runtime:2.7.0] AndroidManifest.xml:119:17-81
261-->[androidx.work:work-runtime:2.7.0] AndroidManifest.xml:119:25-78
262            </intent-filter>
263        </receiver>
264        <receiver
264-->[androidx.work:work-runtime:2.7.0] AndroidManifest.xml:122:9-131:20
265            android:name="androidx.work.impl.background.systemalarm.ConstraintProxyUpdateReceiver"
265-->[androidx.work:work-runtime:2.7.0] AndroidManifest.xml:123:13-99
266            android:directBootAware="false"
266-->[androidx.work:work-runtime:2.7.0] AndroidManifest.xml:124:13-44
267            android:enabled="@bool/enable_system_alarm_service_default"
267-->[androidx.work:work-runtime:2.7.0] AndroidManifest.xml:125:13-72
268            android:exported="false" >
268-->[androidx.work:work-runtime:2.7.0] AndroidManifest.xml:126:13-37
269            <intent-filter>
269-->[androidx.work:work-runtime:2.7.0] AndroidManifest.xml:128:13-130:29
270                <action android:name="androidx.work.impl.background.systemalarm.UpdateProxies" />
270-->[androidx.work:work-runtime:2.7.0] AndroidManifest.xml:129:17-98
270-->[androidx.work:work-runtime:2.7.0] AndroidManifest.xml:129:25-95
271            </intent-filter>
272        </receiver>
273        <receiver
273-->[androidx.work:work-runtime:2.7.0] AndroidManifest.xml:132:9-142:20
274            android:name="androidx.work.impl.diagnostics.DiagnosticsReceiver"
274-->[androidx.work:work-runtime:2.7.0] AndroidManifest.xml:133:13-78
275            android:directBootAware="false"
275-->[androidx.work:work-runtime:2.7.0] AndroidManifest.xml:134:13-44
276            android:enabled="true"
276-->[androidx.work:work-runtime:2.7.0] AndroidManifest.xml:135:13-35
277            android:exported="true"
277-->[androidx.work:work-runtime:2.7.0] AndroidManifest.xml:136:13-36
278            android:permission="android.permission.DUMP" >
278-->[androidx.work:work-runtime:2.7.0] AndroidManifest.xml:137:13-57
279            <intent-filter>
279-->[androidx.work:work-runtime:2.7.0] AndroidManifest.xml:139:13-141:29
280                <action android:name="androidx.work.diagnostics.REQUEST_DIAGNOSTICS" />